Arguments: 
  /usr/local/Cellar/node/15.0.1/bin/node /usr/local/bin/yarn

PATH: 
  /usr/local/bin:/usr/bin:/bin:/usr/sbin:/sbin:/opt/X11/bin:/Users/harsh/Library/Android/sdk/emulator:/Users/harsh/Library/Android/sdk/tools:/Users/harsh/Library/Android/sdk/tools/bin:/Users/harsh/Library/Android/sdk/platform-tools:/Users/harsh/Library/Android/sdk/emulator:/Users/harsh/Library/Android/sdk/tools:/Users/harsh/Library/Android/sdk/tools/bin:/Users/harsh/Library/Android/sdk/platform-tools

Yarn version: 
  1.22.10

Node version: 
  15.0.1

Platform: 
  darwin x64

Trace: 
  SyntaxError: /Users/harsh/code/render-service/buzzle-mail-service/package.json: Unexpected token } in JSON at position 495
      at JSON.parse (<anonymous>)
      at /usr/local/lib/node_modules/yarn/lib/cli.js:1625:59
      at Generator.next (<anonymous>)
      at step (/usr/local/lib/node_modules/yarn/lib/cli.js:310:30)
      at /usr/local/lib/node_modules/yarn/lib/cli.js:321:13

npm manifest: 
  {
    "name": "buzzle-mail-service",
    "version": "1.0.0",
    "description": "",
    "main": "src/app.js",
    "scripts": {
      "tsc": "tsc",
      "start": "node dist/app.js",
      "postinstall": "npm run tsc",
      "watch-node": "nodemon dist/app.js",
      "watch-ts": "tsc -w",
      "deploy": "git add . && git commit -m Heroku && git push heroku master"
    },
    "author": "Harsh Bhatia",
    "license": "ISC",
    "dependencies": {
      "amqplib": "^0.6.0",
      "dotenv": "^8.2.0",
      "lodash": "^4.17.21",
    },
    "devDependencies": {
      "@types/amqplib": "^0.5.17",
      "@types/lodash": "^4.14.168",
      "@types/node": "^14.14.22",
      "typescript": "^4.1.3"
    }
  }

yarn manifest: 
  No manifest

Lockfile: 
  No lockfile
